{"/home/user/lifetime-financial-advice-mvp/src/components/ui/Button.tsx": {"path":"/home/user/lifetime-financial-advice-mvp/src/components/ui/Button.tsx","statementMap":{"0":{"start":{"line":18,"column":22},"end":{"line":18,"column":null}},"1":{"start":{"line":20,"column":25},"end":{"line":24,"column":null}},"2":{"start":{"line":26,"column":22},"end":{"line":30,"column":null}},"3":{"start":{"line":32,"column":21},"end":{"line":32,"column":null}},"4":{"start":{"line":34,"column":18},"end":{"line":34,"column":null}},"5":{"start":{"line":36,"column":2},"end":{"line":39,"column":null}}},"fnMap":{"0":{"name":"Button","decl":{"start":{"line":10,"column":16},"end":{"line":10,"column":23}},"loc":{"start":{"line":17,"column":16},"end":{"line":41,"column":null}},"line":17}},"branchMap":{"0":{"loc":{"start":{"line":11,"column":2},"end":{"line":11,"column":null}},"type":"default-arg","locations":[{"start":{"line":11,"column":12},"end":{"line":11,"column":null}}],"line":11},"1":{"loc":{"start":{"line":12,"column":2},"end":{"line":12,"column":null}},"type":"default-arg","locations":[{"start":{"line":12,"column":9},"end":{"line":12,"column":null}}],"line":12},"2":{"loc":{"start":{"line":13,"column":2},"end":{"line":13,"column":null}},"type":"default-arg","locations":[{"start":{"line":13,"column":14},"end":{"line":13,"column":null}}],"line":13},"3":{"loc":{"start":{"line":14,"column":2},"end":{"line":14,"column":null}},"type":"default-arg","locations":[{"start":{"line":14,"column":14},"end":{"line":14,"column":null}}],"line":14},"4":{"loc":{"start":{"line":32,"column":21},"end":{"line":32,"column":null}},"type":"cond-expr","locations":[{"start":{"line":32,"column":33},"end":{"line":32,"column":44}},{"start":{"line":32,"column":44},"end":{"line":32,"column":null}}],"line":32}},"s":{"0":15,"1":15,"2":15,"3":15,"4":15,"5":15},"f":{"0":15},"b":{"0":[15],"1":[15],"2":[15],"3":[15],"4":[1,14]},"meta":{"lastBranch":5,"lastFunction":1,"lastStatement":6,"seen":{"f:10:16:10:23":0,"b:11:12:11:Infinity":0,"b:12:9:12:Infinity":1,"b:13:14:13:Infinity":2,"b:14:14:14:Infinity":3,"s:18:22:18:Infinity":0,"s:20:25:24:Infinity":1,"s:26:22:30:Infinity":2,"s:32:21:32:Infinity":3,"b:32:33:32:44:32:44:32:Infinity":4,"s:34:18:34:Infinity":4,"s:36:2:39:Infinity":5}}}
,"/home/user/lifetime-financial-advice-mvp/src/components/ui/Card.tsx": {"path":"/home/user/lifetime-financial-advice-mvp/src/components/ui/Card.tsx","statementMap":{"0":{"start":{"line":11,"column":2},"end":{"line":20,"column":null}}},"fnMap":{"0":{"name":"Card","decl":{"start":{"line":10,"column":16},"end":{"line":10,"column":21}},"loc":{"start":{"line":10,"column":79},"end":{"line":22,"column":null}},"line":10}},"branchMap":{"0":{"loc":{"start":{"line":10,"column":33},"end":{"line":10,"column":49}},"type":"default-arg","locations":[{"start":{"line":10,"column":45},"end":{"line":10,"column":49}}],"line":10},"1":{"loc":{"start":{"line":13,"column":7},"end":{"line":17,"column":null}},"type":"binary-expr","locations":[{"start":{"line":13,"column":7},"end":{"line":13,"column":null}},{"start":{"line":14,"column":8},"end":{"line":17,"column":null}}],"line":13},"2":{"loc":{"start":{"line":16,"column":11},"end":{"line":16,"column":null}},"type":"binary-expr","locations":[{"start":{"line":16,"column":11},"end":{"line":16,"column":23}},{"start":{"line":16,"column":23},"end":{"line":16,"column":null}}],"line":16}},"s":{"0":4},"f":{"0":4},"b":{"0":[4],"1":[4,2],"2":[2,1]},"meta":{"lastBranch":3,"lastFunction":1,"lastStatement":1,"seen":{"f:10:16:10:21":0,"b:10:45:10:49":0,"s:11:2:20:Infinity":0,"b:13:7:13:Infinity:14:8:17:Infinity":1,"b:16:11:16:23:16:23:16:Infinity":2}}}
,"/home/user/lifetime-financial-advice-mvp/src/components/ui/Input.tsx": {"path":"/home/user/lifetime-financial-advice-mvp/src/components/ui/Input.tsx","statementMap":{"0":{"start":{"line":9,"column":13},"end":{"line":33,"column":null}},"1":{"start":{"line":11,"column":4},"end":{"line":30,"column":null}},"2":{"start":{"line":35,"column":0},"end":{"line":35,"column":null}}},"fnMap":{"0":{"name":"(anonymous_0)","decl":{"start":{"line":10,"column":2},"end":{"line":10,"column":3}},"loc":{"start":{"line":10,"column":67},"end":{"line":32,"column":null}},"line":10}},"branchMap":{"0":{"loc":{"start":{"line":10,"column":31},"end":{"line":10,"column":47}},"type":"default-arg","locations":[{"start":{"line":10,"column":43},"end":{"line":10,"column":47}}],"line":10},"1":{"loc":{"start":{"line":13,"column":9},"end":{"line":17,"column":null}},"type":"binary-expr","locations":[{"start":{"line":13,"column":9},"end":{"line":13,"column":null}},{"start":{"line":14,"column":10},"end":{"line":17,"column":null}}],"line":13},"2":{"loc":{"start":{"line":16,"column":13},"end":{"line":16,"column":null}},"type":"binary-expr","locations":[{"start":{"line":16,"column":13},"end":{"line":16,"column":31}},{"start":{"line":16,"column":31},"end":{"line":16,"column":null}}],"line":16},"3":{"loc":{"start":{"line":21,"column":36},"end":{"line":21,"column":84}},"type":"cond-expr","locations":[{"start":{"line":21,"column":44},"end":{"line":21,"column":82}},{"start":{"line":21,"column":82},"end":{"line":21,"column":84}}],"line":21},"4":{"loc":{"start":{"line":24,"column":9},"end":{"line":25,"column":null}},"type":"binary-expr","locations":[{"start":{"line":24,"column":9},"end":{"line":24,"column":null}},{"start":{"line":25,"column":10},"end":{"line":25,"column":null}}],"line":24},"5":{"loc":{"start":{"line":27,"column":9},"end":{"line":28,"column":null}},"type":"binary-expr","locations":[{"start":{"line":27,"column":9},"end":{"line":27,"column":23}},{"start":{"line":27,"column":23},"end":{"line":27,"column":null}},{"start":{"line":28,"column":10},"end":{"line":28,"column":null}}],"line":27}},"s":{"0":1,"1":8,"2":1},"f":{"0":8},"b":{"0":[8],"1":[8,2],"2":[2,1],"3":[2,6],"4":[8,2],"5":[8,1,1]},"meta":{"lastBranch":6,"lastFunction":1,"lastStatement":3,"seen":{"s:9:13:33:Infinity":0,"f:10:2:10:3":0,"b:10:43:10:47":0,"s:11:4:30:Infinity":1,"b:13:9:13:Infinity:14:10:17:Infinity":1,"b:16:13:16:31:16:31:16:Infinity":2,"b:21:44:21:82:21:82:21:84":3,"b:24:9:24:Infinity:25:10:25:Infinity":4,"b:27:9:27:23:27:23:27:Infinity:28:10:28:Infinity":5,"s:35:0:35:Infinity":2}}}
,"/home/user/lifetime-financial-advice-mvp/src/components/ui/OnboardingLayout.tsx": {"path":"/home/user/lifetime-financial-advice-mvp/src/components/ui/OnboardingLayout.tsx","statementMap":{"0":{"start":{"line":28,"column":2},"end":{"line":82,"column":null}}},"fnMap":{"0":{"name":"OnboardingLayout","decl":{"start":{"line":18,"column":16},"end":{"line":18,"column":33}},"loc":{"start":{"line":27,"column":26},"end":{"line":84,"column":null}},"line":27}},"branchMap":{"0":{"loc":{"start":{"line":23,"column":2},"end":{"line":23,"column":null}},"type":"default-arg","locations":[{"start":{"line":23,"column":14},"end":{"line":23,"column":null}}],"line":23},"1":{"loc":{"start":{"line":24,"column":2},"end":{"line":24,"column":null}},"type":"default-arg","locations":[{"start":{"line":24,"column":14},"end":{"line":24,"column":null}}],"line":24},"2":{"loc":{"start":{"line":25,"column":2},"end":{"line":25,"column":null}},"type":"default-arg","locations":[{"start":{"line":25,"column":17},"end":{"line":25,"column":null}}],"line":25},"3":{"loc":{"start":{"line":26,"column":2},"end":{"line":26,"column":null}},"type":"default-arg","locations":[{"start":{"line":26,"column":17},"end":{"line":26,"column":null}}],"line":26},"4":{"loc":{"start":{"line":40,"column":9},"end":{"line":45,"column":null}},"type":"binary-expr","locations":[{"start":{"line":40,"column":9},"end":{"line":40,"column":null}},{"start":{"line":41,"column":10},"end":{"line":45,"column":null}}],"line":40},"5":{"loc":{"start":{"line":56,"column":13},"end":{"line":64,"column":null}},"type":"binary-expr","locations":[{"start":{"line":56,"column":13},"end":{"line":56,"column":23}},{"start":{"line":56,"column":23},"end":{"line":56,"column":null}},{"start":{"line":57,"column":14},"end":{"line":64,"column":null}}],"line":56},"6":{"loc":{"start":{"line":68,"column":13},"end":{"line":77,"column":null}},"type":"binary-expr","locations":[{"start":{"line":68,"column":13},"end":{"line":68,"column":null}},{"start":{"line":69,"column":14},"end":{"line":77,"column":null}}],"line":68}},"s":{"0":5},"f":{"0":5},"b":{"0":[5],"1":[5],"2":[5],"3":[5],"4":[5,0],"5":[5,0,0],"6":[5,5]},"meta":{"lastBranch":7,"lastFunction":1,"lastStatement":1,"seen":{"f:18:16:18:33":0,"b:23:14:23:Infinity":0,"b:24:14:24:Infinity":1,"b:25:17:25:Infinity":2,"b:26:17:26:Infinity":3,"s:28:2:82:Infinity":0,"b:40:9:40:Infinity:41:10:45:Infinity":4,"b:56:13:56:23:56:23:56:Infinity:57:14:64:Infinity":5,"b:68:13:68:Infinity:69:14:77:Infinity":6}}}
,"/home/user/lifetime-financial-advice-mvp/src/components/ui/ProgressBar.tsx": {"path":"/home/user/lifetime-financial-advice-mvp/src/components/ui/ProgressBar.tsx","statementMap":{"0":{"start":{"line":10,"column":8},"end":{"line":10,"column":null}},"1":{"start":{"line":12,"column":2},"end":{"line":56,"column":null}},"2":{"start":{"line":37,"column":10},"end":{"line":53,"column":null}}},"fnMap":{"0":{"name":"ProgressBar","decl":{"start":{"line":9,"column":16},"end":{"line":9,"column":28}},"loc":{"start":{"line":9,"column":82},"end":{"line":58,"column":null}},"line":9},"1":{"name":"(anonymous_1)","decl":{"start":{"line":36,"column":19},"end":{"line":36,"column":20}},"loc":{"start":{"line":37,"column":10},"end":{"line":53,"column":null}},"line":37}},"branchMap":{"0":{"loc":{"start":{"line":40,"column":14},"end":{"line":40,"column":null}},"type":"cond-expr","locations":[{"start":{"line":40,"column":37},"end":{"line":40,"column":58}},{"start":{"line":40,"column":58},"end":{"line":40,"column":null}}],"line":40},"1":{"loc":{"start":{"line":45,"column":16},"end":{"line":47,"column":null}},"type":"cond-expr","locations":[{"start":{"line":46,"column":20},"end":{"line":46,"column":null}},{"start":{"line":47,"column":20},"end":{"line":47,"column":null}}],"line":45},"2":{"loc":{"start":{"line":48,"column":18},"end":{"line":48,"column":72}},"type":"cond-expr","locations":[{"start":{"line":48,"column":42},"end":{"line":48,"column":70}},{"start":{"line":48,"column":70},"end":{"line":48,"column":72}}],"line":48},"3":{"loc":{"start":{"line":50,"column":15},"end":{"line":50,"column":null}},"type":"cond-expr","locations":[{"start":{"line":50,"column":37},"end":{"line":50,"column":43}},{"start":{"line":50,"column":43},"end":{"line":50,"column":null}}],"line":50}},"s":{"0":0,"1":0,"2":0},"f":{"0":0,"1":0},"b":{"0":[0,0],"1":[0,0],"2":[0,0],"3":[0,0]},"meta":{"lastBranch":4,"lastFunction":2,"lastStatement":3,"seen":{"f:9:16:9:28":0,"s:10:8:10:Infinity":0,"s:12:2:56:Infinity":1,"f:36:19:36:20":1,"s:37:10:53:Infinity":2,"b:40:37:40:58:40:58:40:Infinity":0,"b:46:20:46:Infinity:47:20:47:Infinity":1,"b:48:42:48:70:48:70:48:72":2,"b:50:37:50:43:50:43:50:Infinity":3}}}
,"/home/user/lifetime-financial-advice-mvp/src/constants/index.ts": {"path":"/home/user/lifetime-financial-advice-mvp/src/constants/index.ts","statementMap":{"0":{"start":{"line":6,"column":35},"end":{"line":12,"column":null}},"1":{"start":{"line":15,"column":31},"end":{"line":18,"column":null}},"2":{"start":{"line":21,"column":22},"end":{"line":93,"column":null}},"3":{"start":{"line":96,"column":30},"end":{"line":128,"column":null}},"4":{"start":{"line":131,"column":32},"end":{"line":142,"column":null}},"5":{"start":{"line":145,"column":35},"end":{"line":152,"column":null}}},"fnMap":{},"branchMap":{},"s":{"0":2,"1":2,"2":2,"3":2,"4":2,"5":2},"f":{},"b":{},"meta":{"lastBranch":0,"lastFunction":0,"lastStatement":6,"seen":{"s:6:35:12:Infinity":0,"s:15:31:18:Infinity":1,"s:21:22:93:Infinity":2,"s:96:30:128:Infinity":3,"s:131:32:142:Infinity":4,"s:145:35:152:Infinity":5}}}
,"/home/user/lifetime-financial-advice-mvp/src/context/AppContext.tsx": {"path":"/home/user/lifetime-financial-advice-mvp/src/context/AppContext.tsx","statementMap":{"0":{"start":{"line":29,"column":31},"end":{"line":34,"column":null}},"1":{"start":{"line":41,"column":2},"end":{"line":169,"column":null}},"2":{"start":{"line":43,"column":6},"end":{"line":43,"column":null}},"3":{"start":{"line":46,"column":6},"end":{"line":46,"column":null}},"4":{"start":{"line":49,"column":6},"end":{"line":49,"column":null}},"5":{"start":{"line":52,"column":6},"end":{"line":62,"column":null}},"6":{"start":{"line":65,"column":6},"end":{"line":75,"column":null}},"7":{"start":{"line":78,"column":6},"end":{"line":88,"column":null}},"8":{"start":{"line":91,"column":6},"end":{"line":101,"column":null}},"9":{"start":{"line":104,"column":6},"end":{"line":114,"column":null}},"10":{"start":{"line":117,"column":6},"end":{"line":127,"column":null}},"11":{"start":{"line":130,"column":6},"end":{"line":140,"column":null}},"12":{"start":{"line":143,"column":6},"end":{"line":146,"column":null}},"13":{"start":{"line":149,"column":6},"end":{"line":156,"column":null}},"14":{"start":{"line":159,"column":6},"end":{"line":159,"column":null}},"15":{"start":{"line":162,"column":6},"end":{"line":165,"column":null}},"16":{"start":{"line":168,"column":6},"end":{"line":168,"column":null}},"17":{"start":{"line":198,"column":6},"end":{"line":198,"column":null}},"18":{"start":{"line":209,"column":24},"end":{"line":209,"column":null}},"19":{"start":{"line":212,"column":2},"end":{"line":217,"column":null}},"20":{"start":{"line":213,"column":10},"end":{"line":213,"column":null}},"21":{"start":{"line":214,"column":4},"end":{"line":216,"column":null}},"22":{"start":{"line":215,"column":6},"end":{"line":215,"column":null}},"23":{"start":{"line":220,"column":2},"end":{"line":224,"column":null}},"24":{"start":{"line":221,"column":4},"end":{"line":223,"column":null}},"25":{"start":{"line":222,"column":6},"end":{"line":222,"column":null}},"26":{"start":{"line":227,"column":19},"end":{"line":227,"column":null}},"27":{"start":{"line":227,"column":25},"end":{"line":227,"column":null}},"28":{"start":{"line":228,"column":19},"end":{"line":228,"column":null}},"29":{"start":{"line":228,"column":25},"end":{"line":228,"column":null}},"30":{"start":{"line":229,"column":19},"end":{"line":229,"column":null}},"31":{"start":{"line":229,"column":37},"end":{"line":229,"column":null}},"32":{"start":{"line":231,"column":29},"end":{"line":233,"column":null}},"33":{"start":{"line":232,"column":4},"end":{"line":232,"column":null}},"34":{"start":{"line":235,"column":26},"end":{"line":237,"column":null}},"35":{"start":{"line":236,"column":4},"end":{"line":236,"column":null}},"36":{"start":{"line":239,"column":27},"end":{"line":241,"column":null}},"37":{"start":{"line":240,"column":4},"end":{"line":240,"column":null}},"38":{"start":{"line":243,"column":32},"end":{"line":245,"column":null}},"39":{"start":{"line":244,"column":4},"end":{"line":244,"column":null}},"40":{"start":{"line":247,"column":28},"end":{"line":249,"column":null}},"41":{"start":{"line":248,"column":4},"end":{"line":248,"column":null}},"42":{"start":{"line":251,"column":37},"end":{"line":253,"column":null}},"43":{"start":{"line":252,"column":4},"end":{"line":252,"column":null}},"44":{"start":{"line":255,"column":40},"end":{"line":257,"column":null}},"45":{"start":{"line":256,"column":4},"end":{"line":256,"column":null}},"46":{"start":{"line":259,"column":27},"end":{"line":261,"column":null}},"47":{"start":{"line":260,"column":4},"end":{"line":260,"column":null}},"48":{"start":{"line":263,"column":29},"end":{"line":265,"column":null}},"49":{"start":{"line":264,"column":4},"end":{"line":264,"column":null}},"50":{"start":{"line":267,"column":23},"end":{"line":269,"column":null}},"51":{"start":{"line":268,"column":4},"end":{"line":268,"column":null}},"52":{"start":{"line":271,"column":32},"end":{"line":287,"column":null}},"53":{"start":{"line":289,"column":2},"end":{"line":289,"column":null}},"54":{"start":{"line":297,"column":8},"end":{"line":297,"column":null}},"55":{"start":{"line":298,"column":2},"end":{"line":300,"column":null}},"56":{"start":{"line":299,"column":4},"end":{"line":299,"column":null}},"57":{"start":{"line":301,"column":2},"end":{"line":301,"column":null}}},"fnMap":{"0":{"name":"appReducer","decl":{"start":{"line":40,"column":9},"end":{"line":40,"column":20}},"loc":{"start":{"line":40,"column":63},"end":{"line":170,"column":null}},"line":40},"1":{"name":"AppProvider","decl":{"start":{"line":208,"column":16},"end":{"line":208,"column":28}},"loc":{"start":{"line":208,"column":60},"end":{"line":290,"column":null}},"line":208},"2":{"name":"(anonymous_2)","decl":{"start":{"line":212,"column":12},"end":{"line":212,"column":18}},"loc":{"start":{"line":212,"column":18},"end":{"line":217,"column":5}},"line":212},"3":{"name":"(anonymous_3)","decl":{"start":{"line":220,"column":12},"end":{"line":220,"column":18}},"loc":{"start":{"line":220,"column":18},"end":{"line":224,"column":5}},"line":220},"4":{"name":"(anonymous_4)","decl":{"start":{"line":227,"column":19},"end":{"line":227,"column":25}},"loc":{"start":{"line":227,"column":25},"end":{"line":227,"column":null}},"line":227},"5":{"name":"(anonymous_5)","decl":{"start":{"line":228,"column":19},"end":{"line":228,"column":25}},"loc":{"start":{"line":228,"column":25},"end":{"line":228,"column":null}},"line":228},"6":{"name":"(anonymous_6)","decl":{"start":{"line":229,"column":19},"end":{"line":229,"column":20}},"loc":{"start":{"line":229,"column":37},"end":{"line":229,"column":null}},"line":229},"7":{"name":"(anonymous_7)","decl":{"start":{"line":231,"column":29},"end":{"line":231,"column":30}},"loc":{"start":{"line":231,"column":77},"end":{"line":233,"column":null}},"line":231},"8":{"name":"(anonymous_8)","decl":{"start":{"line":235,"column":26},"end":{"line":235,"column":27}},"loc":{"start":{"line":235,"column":71},"end":{"line":237,"column":null}},"line":235},"9":{"name":"(anonymous_9)","decl":{"start":{"line":239,"column":27},"end":{"line":239,"column":28}},"loc":{"start":{"line":239,"column":73},"end":{"line":241,"column":null}},"line":239},"10":{"name":"(anonymous_10)","decl":{"start":{"line":243,"column":32},"end":{"line":243,"column":33}},"loc":{"start":{"line":243,"column":83},"end":{"line":245,"column":null}},"line":243},"11":{"name":"(anonymous_11)","decl":{"start":{"line":247,"column":28},"end":{"line":247,"column":29}},"loc":{"start":{"line":247,"column":86},"end":{"line":249,"column":null}},"line":247},"12":{"name":"(anonymous_12)","decl":{"start":{"line":251,"column":37},"end":{"line":251,"column":38}},"loc":{"start":{"line":251,"column":93},"end":{"line":253,"column":null}},"line":251},"13":{"name":"(anonymous_13)","decl":{"start":{"line":255,"column":40},"end":{"line":255,"column":41}},"loc":{"start":{"line":255,"column":99},"end":{"line":257,"column":null}},"line":255},"14":{"name":"(anonymous_14)","decl":{"start":{"line":259,"column":27},"end":{"line":259,"column":28}},"loc":{"start":{"line":259,"column":52},"end":{"line":261,"column":null}},"line":259},"15":{"name":"(anonymous_15)","decl":{"start":{"line":263,"column":29},"end":{"line":263,"column":35}},"loc":{"start":{"line":263,"column":35},"end":{"line":265,"column":null}},"line":263},"16":{"name":"(anonymous_16)","decl":{"start":{"line":267,"column":23},"end":{"line":267,"column":29}},"loc":{"start":{"line":267,"column":29},"end":{"line":269,"column":null}},"line":267},"17":{"name":"useApp","decl":{"start":{"line":296,"column":16},"end":{"line":296,"column":25}},"loc":{"start":{"line":296,"column":25},"end":{"line":302,"column":null}},"line":296}},"branchMap":{"0":{"loc":{"start":{"line":41,"column":2},"end":{"line":169,"column":null}},"type":"switch","locations":[{"start":{"line":42,"column":4},"end":{"line":43,"column":null}},{"start":{"line":45,"column":4},"end":{"line":46,"column":null}},{"start":{"line":48,"column":4},"end":{"line":49,"column":null}},{"start":{"line":51,"column":4},"end":{"line":62,"column":null}},{"start":{"line":64,"column":4},"end":{"line":75,"column":null}},{"start":{"line":77,"column":4},"end":{"line":88,"column":null}},{"start":{"line":90,"column":4},"end":{"line":101,"column":null}},{"start":{"line":103,"column":4},"end":{"line":114,"column":null}},{"start":{"line":116,"column":4},"end":{"line":127,"column":null}},{"start":{"line":129,"column":4},"end":{"line":140,"column":null}},{"start":{"line":142,"column":4},"end":{"line":146,"column":null}},{"start":{"line":148,"column":4},"end":{"line":156,"column":null}},{"start":{"line":158,"column":4},"end":{"line":159,"column":null}},{"start":{"line":161,"column":4},"end":{"line":165,"column":null}},{"start":{"line":167,"column":4},"end":{"line":168,"column":null}}],"line":41},"1":{"loc":{"start":{"line":214,"column":4},"end":{"line":216,"column":null}},"type":"if","locations":[{"start":{"line":214,"column":4},"end":{"line":216,"column":null}},{"start":{},"end":{}}],"line":214},"2":{"loc":{"start":{"line":221,"column":4},"end":{"line":223,"column":null}},"type":"if","locations":[{"start":{"line":221,"column":4},"end":{"line":223,"column":null}},{"start":{},"end":{}}],"line":221},"3":{"loc":{"start":{"line":221,"column":8},"end":{"line":221,"column":72}},"type":"binary-expr","locations":[{"start":{"line":221,"column":8},"end":{"line":221,"column":29}},{"start":{"line":221,"column":29},"end":{"line":221,"column":72}}],"line":221},"4":{"loc":{"start":{"line":298,"column":2},"end":{"line":300,"column":null}},"type":"if","locations":[{"start":{"line":298,"column":2},"end":{"line":300,"column":null}},{"start":{},"end":{}}],"line":298}},"s":{"0":5,"1":16,"2":1,"3":4,"4":2,"5":5,"6":1,"7":0,"8":0,"9":0,"10":0,"11":0,"12":1,"13":1,"14":1,"15":0,"16":0,"17":5,"18":52,"19":52,"20":37,"21":37,"22":0,"23":52,"24":44,"25":6,"26":52,"27":4,"28":52,"29":2,"30":52,"31":1,"32":52,"33":5,"34":52,"35":1,"36":52,"37":0,"38":52,"39":0,"40":52,"41":0,"42":52,"43":0,"44":52,"45":0,"46":52,"47":1,"48":52,"49":1,"50":52,"51":1,"52":52,"53":52,"54":27,"55":27,"56":2,"57":25},"f":{"0":16,"1":52,"2":37,"3":44,"4":4,"5":2,"6":1,"7":5,"8":1,"9":0,"10":0,"11":0,"12":0,"13":0,"14":1,"15":1,"16":1,"17":27},"b":{"0":[1,4,2,5,1,0,0,0,0,0,1,1,1,0,0],"1":[0,37],"2":[6,38],"3":[44,44],"4":[2,25]},"meta":{"lastBranch":5,"lastFunction":18,"lastStatement":58,"seen":{"s:29:31:34:Infinity":0,"f:40:9:40:20":0,"b:42:4:43:Infinity:45:4:46:Infinity:48:4:49:Infinity:51:4:62:Infinity:64:4:75:Infinity:77:4:88:Infinity:90:4:101:Infinity:103:4:114:Infinity:116:4:127:Infinity:129:4:140:Infinity:142:4:146:Infinity:148:4:156:Infinity:158:4:159:Infinity:161:4:165:Infinity:167:4:168:Infinity":0,"s:41:2:169:Infinity":1,"s:43:6:43:Infinity":2,"s:46:6:46:Infinity":3,"s:49:6:49:Infinity":4,"s:52:6:62:Infinity":5,"s:65:6:75:Infinity":6,"s:78:6:88:Infinity":7,"s:91:6:101:Infinity":8,"s:104:6:114:Infinity":9,"s:117:6:127:Infinity":10,"s:130:6:140:Infinity":11,"s:143:6:146:Infinity":12,"s:149:6:156:Infinity":13,"s:159:6:159:Infinity":14,"s:162:6:165:Infinity":15,"s:168:6:168:Infinity":16,"s:198:6:198:Infinity":17,"f:208:16:208:28":1,"s:209:24:209:Infinity":18,"s:212:2:217:Infinity":19,"f:212:12:212:18":2,"s:213:10:213:Infinity":20,"b:214:4:216:Infinity:undefined:undefined:undefined:undefined":1,"s:214:4:216:Infinity":21,"s:215:6:215:Infinity":22,"s:220:2:224:Infinity":23,"f:220:12:220:18":3,"b:221:4:223:Infinity:undefined:undefined:undefined:undefined":2,"s:221:4:223:Infinity":24,"b:221:8:221:29:221:29:221:72":3,"s:222:6:222:Infinity":25,"s:227:19:227:Infinity":26,"f:227:19:227:25":4,"s:227:25:227:Infinity":27,"s:228:19:228:Infinity":28,"f:228:19:228:25":5,"s:228:25:228:Infinity":29,"s:229:19:229:Infinity":30,"f:229:19:229:20":6,"s:229:37:229:Infinity":31,"s:231:29:233:Infinity":32,"f:231:29:231:30":7,"s:232:4:232:Infinity":33,"s:235:26:237:Infinity":34,"f:235:26:235:27":8,"s:236:4:236:Infinity":35,"s:239:27:241:Infinity":36,"f:239:27:239:28":9,"s:240:4:240:Infinity":37,"s:243:32:245:Infinity":38,"f:243:32:243:33":10,"s:244:4:244:Infinity":39,"s:247:28:249:Infinity":40,"f:247:28:247:29":11,"s:248:4:248:Infinity":41,"s:251:37:253:Infinity":42,"f:251:37:251:38":12,"s:252:4:252:Infinity":43,"s:255:40:257:Infinity":44,"f:255:40:255:41":13,"s:256:4:256:Infinity":45,"s:259:27:261:Infinity":46,"f:259:27:259:28":14,"s:260:4:260:Infinity":47,"s:263:29:265:Infinity":48,"f:263:29:263:35":15,"s:264:4:264:Infinity":49,"s:267:23:269:Infinity":50,"f:267:23:267:29":16,"s:268:4:268:Infinity":51,"s:271:32:287:Infinity":52,"s:289:2:289:Infinity":53,"f:296:16:296:25":17,"s:297:8:297:Infinity":54,"b:298:2:300:Infinity:undefined:undefined:undefined:undefined":4,"s:298:2:300:Infinity":55,"s:299:4:299:Infinity":56,"s:301:2:301:Infinity":57}}}
,"/home/user/lifetime-financial-advice-mvp/src/pages/onboarding/WelcomeScreen.tsx": {"path":"/home/user/lifetime-financial-advice-mvp/src/pages/onboarding/WelcomeScreen.tsx","statementMap":{"0":{"start":{"line":6,"column":8},"end":{"line":6,"column":null}},"1":{"start":{"line":8,"column":19},"end":{"line":29,"column":null}},"2":{"start":{"line":31,"column":2},"end":{"line":89,"column":null}},"3":{"start":{"line":34,"column":20},"end":{"line":34,"column":null}},"4":{"start":{"line":70,"column":12},"end":{"line":81,"column":null}}},"fnMap":{"0":{"name":"WelcomeScreen","decl":{"start":{"line":5,"column":16},"end":{"line":5,"column":32}},"loc":{"start":{"line":5,"column":32},"end":{"line":91,"column":null}},"line":5},"1":{"name":"(anonymous_1)","decl":{"start":{"line":34,"column":14},"end":{"line":34,"column":20}},"loc":{"start":{"line":34,"column":20},"end":{"line":34,"column":null}},"line":34},"2":{"name":"(anonymous_2)","decl":{"start":{"line":69,"column":24},"end":{"line":69,"column":25}},"loc":{"start":{"line":70,"column":12},"end":{"line":81,"column":null}},"line":70}},"branchMap":{},"s":{"0":5,"1":5,"2":5,"3":1,"4":20},"f":{"0":5,"1":1,"2":20},"b":{},"meta":{"lastBranch":0,"lastFunction":3,"lastStatement":5,"seen":{"f:5:16:5:32":0,"s:6:8:6:Infinity":0,"s:8:19:29:Infinity":1,"s:31:2:89:Infinity":2,"f:34:14:34:20":1,"s:34:20:34:Infinity":3,"f:69:24:69:25":2,"s:70:12:81:Infinity":4}}}
,"/home/user/lifetime-financial-advice-mvp/src/services/calculations/financialEngine.ts": {"path":"/home/user/lifetime-financial-advice-mvp/src/services/calculations/financialEngine.ts","statementMap":{"0":{"start":{"line":21,"column":2},"end":{"line":21,"column":null}},"1":{"start":{"line":21,"column":52},"end":{"line":21,"column":null}},"2":{"start":{"line":23,"column":20},"end":{"line":23,"column":null}},"3":{"start":{"line":24,"column":8},"end":{"line":24,"column":null}},"4":{"start":{"line":27,"column":4},"end":{"line":28,"column":null}},"5":{"start":{"line":30,"column":28},"end":{"line":30,"column":null}},"6":{"start":{"line":32,"column":2},"end":{"line":32,"column":null}},"7":{"start":{"line":32,"column":31},"end":{"line":32,"column":null}},"8":{"start":{"line":36,"column":4},"end":{"line":36,"column":null}},"9":{"start":{"line":39,"column":19},"end":{"line":39,"column":null}},"10":{"start":{"line":40,"column":2},"end":{"line":55,"column":null}},"11":{"start":{"line":42,"column":6},"end":{"line":42,"column":null}},"12":{"start":{"line":43,"column":6},"end":{"line":43,"column":null}},"13":{"start":{"line":45,"column":6},"end":{"line":45,"column":null}},"14":{"start":{"line":46,"column":6},"end":{"line":46,"column":null}},"15":{"start":{"line":48,"column":6},"end":{"line":48,"column":null}},"16":{"start":{"line":49,"column":6},"end":{"line":49,"column":null}},"17":{"start":{"line":51,"column":6},"end":{"line":51,"column":null}},"18":{"start":{"line":52,"column":6},"end":{"line":52,"column":null}},"19":{"start":{"line":54,"column":6},"end":{"line":54,"column":null}},"20":{"start":{"line":58,"column":8},"end":{"line":58,"column":null}},"21":{"start":{"line":60,"column":4},"end":{"line":62,"column":null}},"22":{"start":{"line":65,"column":21},"end":{"line":65,"column":null}},"23":{"start":{"line":66,"column":2},"end":{"line":69,"column":null}},"24":{"start":{"line":66,"column":15},"end":{"line":66,"column":18}},"25":{"start":{"line":67,"column":25},"end":{"line":67,"column":null}},"26":{"start":{"line":68,"column":4},"end":{"line":68,"column":null}},"27":{"start":{"line":71,"column":2},"end":{"line":71,"column":null}},"28":{"start":{"line":79,"column":2},"end":{"line":79,"column":null}},"29":{"start":{"line":79,"column":64},"end":{"line":79,"column":null}},"30":{"start":{"line":81,"column":20},"end":{"line":81,"column":null}},"31":{"start":{"line":82,"column":8},"end":{"line":82,"column":null}},"32":{"start":{"line":85,"column":4},"end":{"line":85,"column":null}},"33":{"start":{"line":86,"column":25},"end":{"line":86,"column":null}},"34":{"start":{"line":88,"column":25},"end":{"line":88,"column":null}},"35":{"start":{"line":91,"column":20},"end":{"line":91,"column":null}},"36":{"start":{"line":93,"column":4},"end":{"line":93,"column":null}},"37":{"start":{"line":95,"column":2},"end":{"line":98,"column":null}},"38":{"start":{"line":95,"column":15},"end":{"line":95,"column":18}},"39":{"start":{"line":96,"column":27},"end":{"line":96,"column":null}},"40":{"start":{"line":97,"column":4},"end":{"line":97,"column":null}},"41":{"start":{"line":100,"column":2},"end":{"line":100,"column":null}},"42":{"start":{"line":108,"column":23},"end":{"line":108,"column":null}},"43":{"start":{"line":109,"column":31},"end":{"line":109,"column":null}},"44":{"start":{"line":111,"column":17},"end":{"line":111,"column":null}},"45":{"start":{"line":112,"column":26},"end":{"line":119,"column":null}},"46":{"start":{"line":121,"column":21},"end":{"line":123,"column":null}},"47":{"start":{"line":125,"column":22},"end":{"line":125,"column":null}},"48":{"start":{"line":127,"column":22},"end":{"line":127,"column":null}},"49":{"start":{"line":128,"column":16},"end":{"line":128,"column":null}},"50":{"start":{"line":129,"column":27},"end":{"line":129,"column":null}},"51":{"start":{"line":131,"column":27},"end":{"line":131,"column":null}},"52":{"start":{"line":133,"column":2},"end":{"line":142,"column":null}},"53":{"start":{"line":150,"column":2},"end":{"line":150,"column":null}},"54":{"start":{"line":150,"column":52},"end":{"line":150,"column":null}},"55":{"start":{"line":152,"column":20},"end":{"line":152,"column":null}},"56":{"start":{"line":153,"column":8},"end":{"line":153,"column":null}},"57":{"start":{"line":154,"column":8},"end":{"line":154,"column":null}},"58":{"start":{"line":157,"column":4},"end":{"line":158,"column":null}},"59":{"start":{"line":161,"column":4},"end":{"line":161,"column":null}},"60":{"start":{"line":163,"column":39},"end":{"line":163,"column":null}},"61":{"start":{"line":166,"column":4},"end":{"line":166,"column":null}},"62":{"start":{"line":168,"column":19},"end":{"line":168,"column":null}},"63":{"start":{"line":169,"column":2},"end":{"line":182,"column":null}},"64":{"start":{"line":171,"column":6},"end":{"line":171,"column":null}},"65":{"start":{"line":172,"column":6},"end":{"line":172,"column":null}},"66":{"start":{"line":174,"column":6},"end":{"line":174,"column":null}},"67":{"start":{"line":175,"column":6},"end":{"line":175,"column":null}},"68":{"start":{"line":177,"column":6},"end":{"line":177,"column":null}},"69":{"start":{"line":178,"column":6},"end":{"line":178,"column":null}},"70":{"start":{"line":180,"column":6},"end":{"line":180,"column":null}},"71":{"start":{"line":181,"column":6},"end":{"line":181,"column":null}},"72":{"start":{"line":185,"column":2},"end":{"line":232,"column":null}},"73":{"start":{"line":185,"column":17},"end":{"line":185,"column":29}},"74":{"start":{"line":186,"column":25},"end":{"line":186,"column":null}},"75":{"start":{"line":187,"column":17},"end":{"line":187,"column":null}},"76":{"start":{"line":190,"column":30},"end":{"line":190,"column":null}},"77":{"start":{"line":191,"column":23},"end":{"line":191,"column":null}},"78":{"start":{"line":193,"column":4},"end":{"line":196,"column":null}},"79":{"start":{"line":193,"column":17},"end":{"line":193,"column":20}},"80":{"start":{"line":194,"column":27},"end":{"line":194,"column":null}},"81":{"start":{"line":195,"column":6},"end":{"line":195,"column":null}},"82":{"start":{"line":199,"column":29},"end":{"line":206,"column":null}},"83":{"start":{"line":209,"column":32},"end":{"line":209,"column":null}},"84":{"start":{"line":211,"column":6},"end":{"line":211,"column":null}},"85":{"start":{"line":213,"column":24},"end":{"line":213,"column":null}},"86":{"start":{"line":216,"column":35},"end":{"line":216,"column":null}},"87":{"start":{"line":218,"column":6},"end":{"line":220,"column":null}},"88":{"start":{"line":221,"column":31},"end":{"line":221,"column":null}},"89":{"start":{"line":223,"column":4},"end":{"line":231,"column":null}},"90":{"start":{"line":234,"column":2},"end":{"line":234,"column":null}},"91":{"start":{"line":242,"column":2},"end":{"line":248,"column":null}},"92":{"start":{"line":243,"column":4},"end":{"line":247,"column":null}},"93":{"start":{"line":250,"column":20},"end":{"line":250,"column":null}},"94":{"start":{"line":251,"column":8},"end":{"line":251,"column":null}},"95":{"start":{"line":254,"column":4},"end":{"line":255,"column":null}},"96":{"start":{"line":258,"column":20},"end":{"line":258,"column":null}},"97":{"start":{"line":261,"column":20},"end":{"line":261,"column":null}},"98":{"start":{"line":264,"column":18},"end":{"line":264,"column":null}},"99":{"start":{"line":265,"column":18},"end":{"line":265,"column":null}},"100":{"start":{"line":269,"column":4},"end":{"line":269,"column":null}},"101":{"start":{"line":272,"column":20},"end":{"line":272,"column":null}},"102":{"start":{"line":273,"column":2},"end":{"line":273,"column":null}},"103":{"start":{"line":275,"column":26},"end":{"line":275,"column":null}},"104":{"start":{"line":277,"column":24},"end":{"line":277,"column":null}},"105":{"start":{"line":279,"column":2},"end":{"line":283,"column":null}},"106":{"start":{"line":293,"column":21},"end":{"line":293,"column":null}},"107":{"start":{"line":294,"column":18},"end":{"line":294,"column":null}},"108":{"start":{"line":297,"column":53},"end":{"line":297,"column":null}},"109":{"start":{"line":300,"column":2},"end":{"line":312,"column":null}},"110":{"start":{"line":301,"column":18},"end":{"line":301,"column":null}},"111":{"start":{"line":303,"column":4},"end":{"line":311,"column":null}},"112":{"start":{"line":304,"column":6},"end":{"line":304,"column":null}},"113":{"start":{"line":305,"column":6},"end":{"line":305,"column":null}},"114":{"start":{"line":306,"column":4},"end":{"line":311,"column":null}},"115":{"start":{"line":307,"column":6},"end":{"line":307,"column":null}},"116":{"start":{"line":308,"column":6},"end":{"line":308,"column":null}},"117":{"start":{"line":310,"column":6},"end":{"line":310,"column":null}},"118":{"start":{"line":315,"column":20},"end":{"line":317,"column":null}},"119":{"start":{"line":318,"column":8},"end":{"line":318,"column":null}},"120":{"start":{"line":320,"column":30},"end":{"line":320,"column":null}},"121":{"start":{"line":321,"column":2},"end":{"line":327,"column":null}},"122":{"start":{"line":322,"column":4},"end":{"line":323,"column":null}},"123":{"start":{"line":325,"column":4},"end":{"line":326,"column":null}},"124":{"start":{"line":329,"column":2},"end":{"line":333,"column":null}},"125":{"start":{"line":341,"column":26},"end":{"line":341,"column":null}},"126":{"start":{"line":342,"column":25},"end":{"line":342,"column":null}},"127":{"start":{"line":343,"column":26},"end":{"line":343,"column":null}},"128":{"start":{"line":344,"column":32},"end":{"line":344,"column":null}},"129":{"start":{"line":347,"column":24},"end":{"line":349,"column":null}},"130":{"start":{"line":351,"column":26},"end":{"line":353,"column":null}},"131":{"start":{"line":355,"column":25},"end":{"line":355,"column":null}},"132":{"start":{"line":356,"column":29},"end":{"line":356,"column":null}},"133":{"start":{"line":359,"column":20},"end":{"line":361,"column":null}},"134":{"start":{"line":362,"column":8},"end":{"line":362,"column":null}},"135":{"start":{"line":365,"column":4},"end":{"line":366,"column":null}},"136":{"start":{"line":368,"column":28},"end":{"line":368,"column":null}},"137":{"start":{"line":370,"column":31},"end":{"line":370,"column":null}},"138":{"start":{"line":371,"column":2},"end":{"line":372,"column":null}},"139":{"start":{"line":371,"column":30},"end":{"line":371,"column":null}},"140":{"start":{"line":371,"column":55},"end":{"line":372,"column":null}},"141":{"start":{"line":372,"column":35},"end":{"line":372,"column":null}},"142":{"start":{"line":374,"column":2},"end":{"line":383,"column":null}}},"fnMap":{"0":{"name":"calculateHumanCapital","decl":{"start":{"line":20,"column":9},"end":{"line":20,"column":31}},"loc":{"start":{"line":20,"column":70},"end":{"line":72,"column":null}},"line":20},"1":{"name":"calculateConsumptionLiability","decl":{"start":{"line":78,"column":9},"end":{"line":78,"column":39}},"loc":{"start":{"line":78,"column":78},"end":{"line":101,"column":null}},"line":78},"2":{"name":"buildEconomicBalance","decl":{"start":{"line":107,"column":9},"end":{"line":107,"column":30}},"loc":{"start":{"line":107,"column":78},"end":{"line":143,"column":null}},"line":107},"3":{"name":"buildLifeProjection","decl":{"start":{"line":149,"column":9},"end":{"line":149,"column":29}},"loc":{"start":{"line":149,"column":78},"end":{"line":235,"column":null}},"line":149},"4":{"name":"calculateAssetAllocation","decl":{"start":{"line":241,"column":9},"end":{"line":241,"column":34}},"loc":{"start":{"line":241,"column":82},"end":{"line":284,"column":null}},"line":241},"5":{"name":"calculateQualitativeIndicators","decl":{"start":{"line":290,"column":9},"end":{"line":290,"column":null}},"loc":{"start":{"line":292,"column":25},"end":{"line":334,"column":null}},"line":292},"6":{"name":"generateFinancialPlan","decl":{"start":{"line":340,"column":16},"end":{"line":340,"column":38}},"loc":{"start":{"line":340,"column":84},"end":{"line":384,"column":null}},"line":340}},"branchMap":{"0":{"loc":{"start":{"line":21,"column":2},"end":{"line":21,"column":null}},"type":"if","locations":[{"start":{"line":21,"column":2},"end":{"line":21,"column":null}},{"start":{},"end":{}}],"line":21},"1":{"loc":{"start":{"line":21,"column":6},"end":{"line":21,"column":52}},"type":"binary-expr","locations":[{"start":{"line":21,"column":6},"end":{"line":21,"column":31}},{"start":{"line":21,"column":31},"end":{"line":21,"column":52}}],"line":21},"2":{"loc":{"start":{"line":27,"column":4},"end":{"line":28,"column":null}},"type":"binary-expr","locations":[{"start":{"line":27,"column":4},"end":{"line":27,"column":null}},{"start":{"line":28,"column":5},"end":{"line":28,"column":null}}],"line":27},"3":{"loc":{"start":{"line":28,"column":5},"end":{"line":28,"column":null}},"type":"cond-expr","locations":[{"start":{"line":28,"column":53},"end":{"line":28,"column":58}},{"start":{"line":28,"column":58},"end":{"line":28,"column":null}}],"line":28},"4":{"loc":{"start":{"line":32,"column":2},"end":{"line":32,"column":null}},"type":"if","locations":[{"start":{"line":32,"column":2},"end":{"line":32,"column":null}},{"start":{},"end":{}}],"line":32},"5":{"loc":{"start":{"line":40,"column":2},"end":{"line":55,"column":null}},"type":"switch","locations":[{"start":{"line":41,"column":4},"end":{"line":43,"column":null}},{"start":{"line":44,"column":4},"end":{"line":46,"column":null}},{"start":{"line":47,"column":4},"end":{"line":49,"column":null}},{"start":{"line":50,"column":4},"end":{"line":52,"column":null}},{"start":{"line":53,"column":4},"end":{"line":54,"column":null}}],"line":40},"6":{"loc":{"start":{"line":79,"column":2},"end":{"line":79,"column":null}},"type":"if","locations":[{"start":{"line":79,"column":2},"end":{"line":79,"column":null}},{"start":{},"end":{}}],"line":79},"7":{"loc":{"start":{"line":79,"column":6},"end":{"line":79,"column":64}},"type":"binary-expr","locations":[{"start":{"line":79,"column":6},"end":{"line":79,"column":31}},{"start":{"line":79,"column":31},"end":{"line":79,"column":64}}],"line":79},"8":{"loc":{"start":{"line":85,"column":4},"end":{"line":85,"column":null}},"type":"binary-expr","locations":[{"start":{"line":85,"column":4},"end":{"line":85,"column":59}},{"start":{"line":85,"column":59},"end":{"line":85,"column":null}}],"line":85},"9":{"loc":{"start":{"line":112,"column":26},"end":{"line":119,"column":null}},"type":"cond-expr","locations":[{"start":{"line":113,"column":6},"end":{"line":118,"column":null}},{"start":{"line":119,"column":6},"end":{"line":119,"column":null}}],"line":112},"10":{"loc":{"start":{"line":121,"column":21},"end":{"line":123,"column":null}},"type":"cond-expr","locations":[{"start":{"line":122,"column":6},"end":{"line":122,"column":null}},{"start":{"line":123,"column":6},"end":{"line":123,"column":null}}],"line":121},"11":{"loc":{"start":{"line":128,"column":16},"end":{"line":128,"column":null}},"type":"cond-expr","locations":[{"start":{"line":128,"column":30},"end":{"line":128,"column":60}},{"start":{"line":128,"column":60},"end":{"line":128,"column":null}}],"line":128},"12":{"loc":{"start":{"line":150,"column":2},"end":{"line":150,"column":null}},"type":"if","locations":[{"start":{"line":150,"column":2},"end":{"line":150,"column":null}},{"start":{},"end":{}}],"line":150},"13":{"loc":{"start":{"line":150,"column":6},"end":{"line":150,"column":52}},"type":"binary-expr","locations":[{"start":{"line":150,"column":6},"end":{"line":150,"column":31}},{"start":{"line":150,"column":31},"end":{"line":150,"column":52}}],"line":150},"14":{"loc":{"start":{"line":157,"column":4},"end":{"line":158,"column":null}},"type":"binary-expr","locations":[{"start":{"line":157,"column":4},"end":{"line":157,"column":null}},{"start":{"line":158,"column":5},"end":{"line":158,"column":null}}],"line":157},"15":{"loc":{"start":{"line":158,"column":5},"end":{"line":158,"column":null}},"type":"cond-expr","locations":[{"start":{"line":158,"column":53},"end":{"line":158,"column":58}},{"start":{"line":158,"column":58},"end":{"line":158,"column":null}}],"line":158},"16":{"loc":{"start":{"line":161,"column":4},"end":{"line":161,"column":null}},"type":"binary-expr","locations":[{"start":{"line":161,"column":4},"end":{"line":161,"column":59}},{"start":{"line":161,"column":59},"end":{"line":161,"column":null}}],"line":161},"17":{"loc":{"start":{"line":169,"column":2},"end":{"line":182,"column":null}},"type":"switch","locations":[{"start":{"line":170,"column":4},"end":{"line":172,"column":null}},{"start":{"line":173,"column":4},"end":{"line":175,"column":null}},{"start":{"line":176,"column":4},"end":{"line":178,"column":null}},{"start":{"line":179,"column":4},"end":{"line":181,"column":null}}],"line":169},"18":{"loc":{"start":{"line":199,"column":29},"end":{"line":206,"column":null}},"type":"cond-expr","locations":[{"start":{"line":200,"column":8},"end":{"line":205,"column":null}},{"start":{"line":206,"column":8},"end":{"line":206,"column":null}}],"line":199},"19":{"loc":{"start":{"line":209,"column":32},"end":{"line":209,"column":null}},"type":"cond-expr","locations":[{"start":{"line":209,"column":54},"end":{"line":209,"column":61}},{"start":{"line":209,"column":61},"end":{"line":209,"column":null}}],"line":209},"20":{"loc":{"start":{"line":218,"column":6},"end":{"line":220,"column":null}},"type":"cond-expr","locations":[{"start":{"line":219,"column":10},"end":{"line":219,"column":null}},{"start":{"line":220,"column":10},"end":{"line":220,"column":null}}],"line":218},"21":{"loc":{"start":{"line":242,"column":2},"end":{"line":248,"column":null}},"type":"if","locations":[{"start":{"line":242,"column":2},"end":{"line":248,"column":null}},{"start":{},"end":{}}],"line":242},"22":{"loc":{"start":{"line":242,"column":6},"end":{"line":242,"column":62}},"type":"binary-expr","locations":[{"start":{"line":242,"column":6},"end":{"line":242,"column":31}},{"start":{"line":242,"column":31},"end":{"line":242,"column":62}}],"line":242},"23":{"loc":{"start":{"line":254,"column":4},"end":{"line":255,"column":null}},"type":"binary-expr","locations":[{"start":{"line":254,"column":4},"end":{"line":254,"column":null}},{"start":{"line":255,"column":5},"end":{"line":255,"column":null}}],"line":254},"24":{"loc":{"start":{"line":255,"column":5},"end":{"line":255,"column":null}},"type":"cond-expr","locations":[{"start":{"line":255,"column":53},"end":{"line":255,"column":58}},{"start":{"line":255,"column":58},"end":{"line":255,"column":null}}],"line":255},"25":{"loc":{"start":{"line":269,"column":4},"end":{"line":269,"column":null}},"type":"cond-expr","locations":[{"start":{"line":269,"column":68},"end":{"line":269,"column":73}},{"start":{"line":269,"column":73},"end":{"line":269,"column":null}}],"line":269},"26":{"loc":{"start":{"line":269,"column":4},"end":{"line":269,"column":68}},"type":"binary-expr","locations":[{"start":{"line":269,"column":4},"end":{"line":269,"column":26}},{"start":{"line":269,"column":26},"end":{"line":269,"column":68}}],"line":269},"27":{"loc":{"start":{"line":293,"column":21},"end":{"line":293,"column":null}},"type":"binary-expr","locations":[{"start":{"line":293,"column":21},"end":{"line":293,"column":57}},{"start":{"line":293,"column":57},"end":{"line":293,"column":null}}],"line":293},"28":{"loc":{"start":{"line":300,"column":2},"end":{"line":312,"column":null}},"type":"if","locations":[{"start":{"line":300,"column":2},"end":{"line":312,"column":null}},{"start":{},"end":{}}],"line":300},"29":{"loc":{"start":{"line":300,"column":6},"end":{"line":300,"column":50}},"type":"binary-expr","locations":[{"start":{"line":300,"column":6},"end":{"line":300,"column":24}},{"start":{"line":300,"column":24},"end":{"line":300,"column":50}}],"line":300},"30":{"loc":{"start":{"line":303,"column":4},"end":{"line":311,"column":null}},"type":"if","locations":[{"start":{"line":303,"column":4},"end":{"line":311,"column":null}},{"start":{"line":306,"column":4},"end":{"line":311,"column":null}}],"line":303},"31":{"loc":{"start":{"line":306,"column":4},"end":{"line":311,"column":null}},"type":"if","locations":[{"start":{"line":306,"column":4},"end":{"line":311,"column":null}},{"start":{"line":309,"column":11},"end":{"line":311,"column":null}}],"line":306},"32":{"loc":{"start":{"line":315,"column":20},"end":{"line":317,"column":null}},"type":"cond-expr","locations":[{"start":{"line":316,"column":6},"end":{"line":316,"column":null}},{"start":{"line":317,"column":6},"end":{"line":317,"column":null}}],"line":315},"33":{"loc":{"start":{"line":321,"column":2},"end":{"line":327,"column":null}},"type":"if","locations":[{"start":{"line":321,"column":2},"end":{"line":327,"column":null}},{"start":{"line":324,"column":9},"end":{"line":327,"column":null}}],"line":321},"34":{"loc":{"start":{"line":347,"column":24},"end":{"line":349,"column":null}},"type":"cond-expr","locations":[{"start":{"line":348,"column":6},"end":{"line":348,"column":null}},{"start":{"line":349,"column":6},"end":{"line":349,"column":null}}],"line":347},"35":{"loc":{"start":{"line":348,"column":50},"end":{"line":348,"column":null}},"type":"binary-expr","locations":[{"start":{"line":348,"column":50},"end":{"line":348,"column":84}},{"start":{"line":348,"column":84},"end":{"line":348,"column":null}}],"line":348},"36":{"loc":{"start":{"line":351,"column":26},"end":{"line":353,"column":null}},"type":"cond-expr","locations":[{"start":{"line":352,"column":6},"end":{"line":352,"column":null}},{"start":{"line":353,"column":6},"end":{"line":353,"column":null}}],"line":351},"37":{"loc":{"start":{"line":356,"column":29},"end":{"line":356,"column":null}},"type":"cond-expr","locations":[{"start":{"line":356,"column":50},"end":{"line":356,"column":90}},{"start":{"line":356,"column":90},"end":{"line":356,"column":null}}],"line":356},"38":{"loc":{"start":{"line":359,"column":20},"end":{"line":361,"column":null}},"type":"cond-expr","locations":[{"start":{"line":360,"column":6},"end":{"line":360,"column":null}},{"start":{"line":361,"column":6},"end":{"line":361,"column":null}}],"line":359},"39":{"loc":{"start":{"line":365,"column":4},"end":{"line":366,"column":null}},"type":"binary-expr","locations":[{"start":{"line":365,"column":4},"end":{"line":365,"column":null}},{"start":{"line":366,"column":5},"end":{"line":366,"column":null}}],"line":365},"40":{"loc":{"start":{"line":366,"column":5},"end":{"line":366,"column":null}},"type":"cond-expr","locations":[{"start":{"line":366,"column":54},"end":{"line":366,"column":59}},{"start":{"line":366,"column":59},"end":{"line":366,"column":null}}],"line":366},"41":{"loc":{"start":{"line":371,"column":2},"end":{"line":372,"column":null}},"type":"if","locations":[{"start":{"line":371,"column":2},"end":{"line":372,"column":null}},{"start":{"line":371,"column":55},"end":{"line":372,"column":null}}],"line":371},"42":{"loc":{"start":{"line":371,"column":55},"end":{"line":372,"column":null}},"type":"if","locations":[{"start":{"line":371,"column":55},"end":{"line":372,"column":null}},{"start":{},"end":{}}],"line":371}},"s":{"0":38,"1":2,"2":36,"3":36,"4":36,"5":38,"6":38,"7":0,"8":36,"9":36,"10":36,"11":0,"12":0,"13":0,"14":0,"15":36,"16":36,"17":0,"18":0,"19":0,"20":36,"21":36,"22":36,"23":36,"24":36,"25":900,"26":900,"27":36,"28":38,"29":2,"30":36,"31":36,"32":36,"33":38,"34":38,"35":38,"36":38,"37":38,"38":38,"39":1260,"40":1260,"41":36,"42":38,"43":38,"44":38,"45":38,"46":38,"47":38,"48":38,"49":38,"50":38,"51":38,"52":38,"53":13,"54":1,"55":12,"56":12,"57":12,"58":12,"59":13,"60":13,"61":13,"62":13,"63":13,"64":0,"65":0,"66":0,"67":0,"68":12,"69":12,"70":0,"71":0,"72":12,"73":12,"74":96,"75":96,"76":96,"77":96,"78":96,"79":96,"80":900,"81":900,"82":96,"83":96,"84":96,"85":96,"86":96,"87":96,"88":96,"89":96,"90":12,"91":13,"92":1,"93":12,"94":12,"95":12,"96":13,"97":13,"98":13,"99":13,"100":13,"101":13,"102":13,"103":13,"104":13,"105":13,"106":13,"107":13,"108":13,"109":13,"110":12,"111":12,"112":0,"113":0,"114":12,"115":12,"116":12,"117":0,"118":13,"119":13,"120":13,"121":13,"122":0,"123":13,"124":13,"125":13,"126":13,"127":13,"128":13,"129":13,"130":13,"131":13,"132":13,"133":13,"134":13,"135":13,"136":13,"137":13,"138":13,"139":0,"140":13,"141":0,"142":13},"f":{"0":38,"1":38,"2":38,"3":13,"4":13,"5":13,"6":13},"b":{"0":[2,36],"1":[38,38],"2":[36,0],"3":[0,0],"4":[0,38],"5":[0,0,36,0,0],"6":[2,36],"7":[38,38],"8":[36,0],"9":[36,2],"10":[36,2],"11":[36,2],"12":[1,12],"13":[13,13],"14":[12,0],"15":[0,0],"16":[13,0],"17":[0,0,12,0],"18":[96,0],"19":[60,36],"20":[60,36],"21":[1,12],"22":[13,13],"23":[12,0],"24":[0,0],"25":[12,0],"26":[13,12],"27":[13,0],"28":[12,1],"29":[13,13],"30":[0,12],"31":[12,0],"32":[13,0],"33":[0,13],"34":[12,1],"35":[12,0],"36":[12,1],"37":[12,1],"38":[13,0],"39":[13,1],"40":[1,0],"41":[0,13],"42":[0,13]},"meta":{"lastBranch":43,"lastFunction":7,"lastStatement":143,"seen":{"f:20:9:20:31":0,"b:21:2:21:Infinity:undefined:undefined:undefined:undefined":0,"s:21:2:21:Infinity":0,"b:21:6:21:31:21:31:21:52":1,"s:21:52:21:Infinity":1,"s:23:20:23:Infinity":2,"s:24:8:24:Infinity":3,"s:27:4:28:Infinity":4,"b:27:4:27:Infinity:28:5:28:Infinity":2,"b:28:53:28:58:28:58:28:Infinity":3,"s:30:28:30:Infinity":5,"b:32:2:32:Infinity:undefined:undefined:undefined:undefined":4,"s:32:2:32:Infinity":6,"s:32:31:32:Infinity":7,"s:36:4:36:Infinity":8,"s:39:19:39:Infinity":9,"b:41:4:43:Infinity:44:4:46:Infinity:47:4:49:Infinity:50:4:52:Infinity:53:4:54:Infinity":5,"s:40:2:55:Infinity":10,"s:42:6:42:Infinity":11,"s:43:6:43:Infinity":12,"s:45:6:45:Infinity":13,"s:46:6:46:Infinity":14,"s:48:6:48:Infinity":15,"s:49:6:49:Infinity":16,"s:51:6:51:Infinity":17,"s:52:6:52:Infinity":18,"s:54:6:54:Infinity":19,"s:58:8:58:Infinity":20,"s:60:4:62:Infinity":21,"s:65:21:65:Infinity":22,"s:66:2:69:Infinity":23,"s:66:15:66:18":24,"s:67:25:67:Infinity":25,"s:68:4:68:Infinity":26,"s:71:2:71:Infinity":27,"f:78:9:78:39":1,"b:79:2:79:Infinity:undefined:undefined:undefined:undefined":6,"s:79:2:79:Infinity":28,"b:79:6:79:31:79:31:79:64":7,"s:79:64:79:Infinity":29,"s:81:20:81:Infinity":30,"s:82:8:82:Infinity":31,"s:85:4:85:Infinity":32,"b:85:4:85:59:85:59:85:Infinity":8,"s:86:25:86:Infinity":33,"s:88:25:88:Infinity":34,"s:91:20:91:Infinity":35,"s:93:4:93:Infinity":36,"s:95:2:98:Infinity":37,"s:95:15:95:18":38,"s:96:27:96:Infinity":39,"s:97:4:97:Infinity":40,"s:100:2:100:Infinity":41,"f:107:9:107:30":2,"s:108:23:108:Infinity":42,"s:109:31:109:Infinity":43,"s:111:17:111:Infinity":44,"s:112:26:119:Infinity":45,"b:113:6:118:Infinity:119:6:119:Infinity":9,"s:121:21:123:Infinity":46,"b:122:6:122:Infinity:123:6:123:Infinity":10,"s:125:22:125:Infinity":47,"s:127:22:127:Infinity":48,"s:128:16:128:Infinity":49,"b:128:30:128:60:128:60:128:Infinity":11,"s:129:27:129:Infinity":50,"s:131:27:131:Infinity":51,"s:133:2:142:Infinity":52,"f:149:9:149:29":3,"b:150:2:150:Infinity:undefined:undefined:undefined:undefined":12,"s:150:2:150:Infinity":53,"b:150:6:150:31:150:31:150:52":13,"s:150:52:150:Infinity":54,"s:152:20:152:Infinity":55,"s:153:8:153:Infinity":56,"s:154:8:154:Infinity":57,"s:157:4:158:Infinity":58,"b:157:4:157:Infinity:158:5:158:Infinity":14,"b:158:53:158:58:158:58:158:Infinity":15,"s:161:4:161:Infinity":59,"b:161:4:161:59:161:59:161:Infinity":16,"s:163:39:163:Infinity":60,"s:166:4:166:Infinity":61,"s:168:19:168:Infinity":62,"b:170:4:172:Infinity:173:4:175:Infinity:176:4:178:Infinity:179:4:181:Infinity":17,"s:169:2:182:Infinity":63,"s:171:6:171:Infinity":64,"s:172:6:172:Infinity":65,"s:174:6:174:Infinity":66,"s:175:6:175:Infinity":67,"s:177:6:177:Infinity":68,"s:178:6:178:Infinity":69,"s:180:6:180:Infinity":70,"s:181:6:181:Infinity":71,"s:185:2:232:Infinity":72,"s:185:17:185:29":73,"s:186:25:186:Infinity":74,"s:187:17:187:Infinity":75,"s:190:30:190:Infinity":76,"s:191:23:191:Infinity":77,"s:193:4:196:Infinity":78,"s:193:17:193:20":79,"s:194:27:194:Infinity":80,"s:195:6:195:Infinity":81,"s:199:29:206:Infinity":82,"b:200:8:205:Infinity:206:8:206:Infinity":18,"s:209:32:209:Infinity":83,"b:209:54:209:61:209:61:209:Infinity":19,"s:211:6:211:Infinity":84,"s:213:24:213:Infinity":85,"s:216:35:216:Infinity":86,"s:218:6:220:Infinity":87,"b:219:10:219:Infinity:220:10:220:Infinity":20,"s:221:31:221:Infinity":88,"s:223:4:231:Infinity":89,"s:234:2:234:Infinity":90,"f:241:9:241:34":4,"b:242:2:248:Infinity:undefined:undefined:undefined:undefined":21,"s:242:2:248:Infinity":91,"b:242:6:242:31:242:31:242:62":22,"s:243:4:247:Infinity":92,"s:250:20:250:Infinity":93,"s:251:8:251:Infinity":94,"s:254:4:255:Infinity":95,"b:254:4:254:Infinity:255:5:255:Infinity":23,"b:255:53:255:58:255:58:255:Infinity":24,"s:258:20:258:Infinity":96,"s:261:20:261:Infinity":97,"s:264:18:264:Infinity":98,"s:265:18:265:Infinity":99,"s:269:4:269:Infinity":100,"b:269:68:269:73:269:73:269:Infinity":25,"b:269:4:269:26:269:26:269:68":26,"s:272:20:272:Infinity":101,"s:273:2:273:Infinity":102,"s:275:26:275:Infinity":103,"s:277:24:277:Infinity":104,"s:279:2:283:Infinity":105,"f:290:9:290:Infinity":5,"s:293:21:293:Infinity":106,"b:293:21:293:57:293:57:293:Infinity":27,"s:294:18:294:Infinity":107,"s:297:53:297:Infinity":108,"b:300:2:312:Infinity:undefined:undefined:undefined:undefined":28,"s:300:2:312:Infinity":109,"b:300:6:300:24:300:24:300:50":29,"s:301:18:301:Infinity":110,"b:303:4:311:Infinity:306:4:311:Infinity":30,"s:303:4:311:Infinity":111,"s:304:6:304:Infinity":112,"s:305:6:305:Infinity":113,"b:306:4:311:Infinity:309:11:311:Infinity":31,"s:306:4:311:Infinity":114,"s:307:6:307:Infinity":115,"s:308:6:308:Infinity":116,"s:310:6:310:Infinity":117,"s:315:20:317:Infinity":118,"b:316:6:316:Infinity:317:6:317:Infinity":32,"s:318:8:318:Infinity":119,"s:320:30:320:Infinity":120,"b:321:2:327:Infinity:324:9:327:Infinity":33,"s:321:2:327:Infinity":121,"s:322:4:323:Infinity":122,"s:325:4:326:Infinity":123,"s:329:2:333:Infinity":124,"f:340:16:340:38":6,"s:341:26:341:Infinity":125,"s:342:25:342:Infinity":126,"s:343:26:343:Infinity":127,"s:344:32:344:Infinity":128,"s:347:24:349:Infinity":129,"b:348:6:348:Infinity:349:6:349:Infinity":34,"b:348:50:348:84:348:84:348:Infinity":35,"s:351:26:353:Infinity":130,"b:352:6:352:Infinity:353:6:353:Infinity":36,"s:355:25:355:Infinity":131,"s:356:29:356:Infinity":132,"b:356:50:356:90:356:90:356:Infinity":37,"s:359:20:361:Infinity":133,"b:360:6:360:Infinity:361:6:361:Infinity":38,"s:362:8:362:Infinity":134,"s:365:4:366:Infinity":135,"b:365:4:365:Infinity:366:5:366:Infinity":39,"b:366:54:366:59:366:59:366:Infinity":40,"s:368:28:368:Infinity":136,"s:370:31:370:Infinity":137,"b:371:2:372:Infinity:371:55:372:Infinity":41,"s:371:2:372:Infinity":138,"s:371:30:371:Infinity":139,"b:371:55:372:Infinity:undefined:undefined:undefined:undefined":42,"s:371:55:372:Infinity":140,"s:372:35:372:Infinity":141,"s:374:2:383:Infinity":142}}}
,"/home/user/lifetime-financial-advice-mvp/src/services/storage/localStorage.ts": {"path":"/home/user/lifetime-financial-advice-mvp/src/services/storage/localStorage.ts","statementMap":{"0":{"start":{"line":3,"column":25},"end":{"line":3,"column":null}},"1":{"start":{"line":4,"column":27},"end":{"line":4,"column":null}},"2":{"start":{"line":11,"column":2},"end":{"line":16,"column":null}},"3":{"start":{"line":12,"column":23},"end":{"line":12,"column":null}},"4":{"start":{"line":13,"column":4},"end":{"line":13,"column":null}},"5":{"start":{"line":15,"column":4},"end":{"line":15,"column":null}},"6":{"start":{"line":20,"column":2},"end":{"line":29,"column":null}},"7":{"start":{"line":21,"column":23},"end":{"line":21,"column":null}},"8":{"start":{"line":22,"column":4},"end":{"line":24,"column":null}},"9":{"start":{"line":23,"column":6},"end":{"line":23,"column":null}},"10":{"start":{"line":25,"column":4},"end":{"line":25,"column":null}},"11":{"start":{"line":27,"column":4},"end":{"line":27,"column":null}},"12":{"start":{"line":28,"column":4},"end":{"line":28,"column":null}},"13":{"start":{"line":33,"column":2},"end":{"line":37,"column":null}},"14":{"start":{"line":34,"column":4},"end":{"line":34,"column":null}},"15":{"start":{"line":36,"column":4},"end":{"line":36,"column":null}},"16":{"start":{"line":45,"column":2},"end":{"line":50,"column":null}},"17":{"start":{"line":46,"column":23},"end":{"line":46,"column":null}},"18":{"start":{"line":47,"column":4},"end":{"line":47,"column":null}},"19":{"start":{"line":49,"column":4},"end":{"line":49,"column":null}},"20":{"start":{"line":54,"column":2},"end":{"line":63,"column":null}},"21":{"start":{"line":55,"column":23},"end":{"line":55,"column":null}},"22":{"start":{"line":56,"column":4},"end":{"line":58,"column":null}},"23":{"start":{"line":57,"column":6},"end":{"line":57,"column":null}},"24":{"start":{"line":59,"column":4},"end":{"line":59,"column":null}},"25":{"start":{"line":61,"column":4},"end":{"line":61,"column":null}},"26":{"start":{"line":62,"column":4},"end":{"line":62,"column":null}},"27":{"start":{"line":67,"column":2},"end":{"line":71,"column":null}},"28":{"start":{"line":68,"column":4},"end":{"line":68,"column":null}},"29":{"start":{"line":70,"column":4},"end":{"line":70,"column":null}},"30":{"start":{"line":79,"column":2},"end":{"line":79,"column":null}},"31":{"start":{"line":80,"column":2},"end":{"line":80,"column":null}}},"fnMap":{"0":{"name":"saveUserProfile","decl":{"start":{"line":10,"column":16},"end":{"line":10,"column":32}},"loc":{"start":{"line":10,"column":69},"end":{"line":17,"column":null}},"line":10},"1":{"name":"loadUserProfile","decl":{"start":{"line":19,"column":16},"end":{"line":19,"column":63}},"loc":{"start":{"line":19,"column":63},"end":{"line":30,"column":null}},"line":19},"2":{"name":"clearUserProfile","decl":{"start":{"line":32,"column":16},"end":{"line":32,"column":41}},"loc":{"start":{"line":32,"column":41},"end":{"line":38,"column":null}},"line":32},"3":{"name":"saveFinancialPlan","decl":{"start":{"line":44,"column":16},"end":{"line":44,"column":34}},"loc":{"start":{"line":44,"column":61},"end":{"line":51,"column":null}},"line":44},"4":{"name":"loadFinancialPlan","decl":{"start":{"line":53,"column":16},"end":{"line":53,"column":58}},"loc":{"start":{"line":53,"column":58},"end":{"line":64,"column":null}},"line":53},"5":{"name":"clearFinancialPlan","decl":{"start":{"line":66,"column":16},"end":{"line":66,"column":43}},"loc":{"start":{"line":66,"column":43},"end":{"line":72,"column":null}},"line":66},"6":{"name":"clearAllData","decl":{"start":{"line":78,"column":16},"end":{"line":78,"column":37}},"loc":{"start":{"line":78,"column":37},"end":{"line":81,"column":null}},"line":78}},"branchMap":{"0":{"loc":{"start":{"line":22,"column":4},"end":{"line":24,"column":null}},"type":"if","locations":[{"start":{"line":22,"column":4},"end":{"line":24,"column":null}},{"start":{},"end":{}}],"line":22},"1":{"loc":{"start":{"line":56,"column":4},"end":{"line":58,"column":null}},"type":"if","locations":[{"start":{"line":56,"column":4},"end":{"line":58,"column":null}},{"start":{},"end":{}}],"line":56}},"s":{"0":6,"1":6,"2":7,"3":7,"4":7,"5":0,"6":40,"7":40,"8":40,"9":38,"10":2,"11":1,"12":1,"13":2,"14":2,"15":0,"16":1,"17":1,"18":1,"19":0,"20":2,"21":2,"22":2,"23":1,"24":1,"25":0,"26":0,"27":2,"28":2,"29":0,"30":1,"31":1},"f":{"0":7,"1":40,"2":2,"3":1,"4":2,"5":2,"6":1},"b":{"0":[38,2],"1":[1,1]},"meta":{"lastBranch":2,"lastFunction":7,"lastStatement":32,"seen":{"s:3:25:3:Infinity":0,"s:4:27:4:Infinity":1,"f:10:16:10:32":0,"s:11:2:16:Infinity":2,"s:12:23:12:Infinity":3,"s:13:4:13:Infinity":4,"s:15:4:15:Infinity":5,"f:19:16:19:63":1,"s:20:2:29:Infinity":6,"s:21:23:21:Infinity":7,"b:22:4:24:Infinity:undefined:undefined:undefined:undefined":0,"s:22:4:24:Infinity":8,"s:23:6:23:Infinity":9,"s:25:4:25:Infinity":10,"s:27:4:27:Infinity":11,"s:28:4:28:Infinity":12,"f:32:16:32:41":2,"s:33:2:37:Infinity":13,"s:34:4:34:Infinity":14,"s:36:4:36:Infinity":15,"f:44:16:44:34":3,"s:45:2:50:Infinity":16,"s:46:23:46:Infinity":17,"s:47:4:47:Infinity":18,"s:49:4:49:Infinity":19,"f:53:16:53:58":4,"s:54:2:63:Infinity":20,"s:55:23:55:Infinity":21,"b:56:4:58:Infinity:undefined:undefined:undefined:undefined":1,"s:56:4:58:Infinity":22,"s:57:6:57:Infinity":23,"s:59:4:59:Infinity":24,"s:61:4:61:Infinity":25,"s:62:4:62:Infinity":26,"f:66:16:66:43":5,"s:67:2:71:Infinity":27,"s:68:4:68:Infinity":28,"s:70:4:70:Infinity":29,"f:78:16:78:37":6,"s:79:2:79:Infinity":30,"s:80:2:80:Infinity":31}}}
,"/home/user/lifetime-financial-advice-mvp/src/types/index.ts": {"path":"/home/user/lifetime-financial-advice-mvp/src/types/index.ts","statementMap":{},"fnMap":{},"branchMap":{},"s":{},"f":{},"b":{},"meta":{"lastBranch":0,"lastFunction":0,"lastStatement":0,"seen":{}}}
}
